Using pre-set license
Built from '2020.3/staging' branch; Version is '2020.3.4f1 (0abb6314276a) revision 703331'; Using compiler version '192528614'; Build Type 'Release'
OS: 'Windows 10 Pro; OS build 19042.928; Version 2009; 64bit' Language: 'en' Physical Memory: 8110 MB
BatchMode: 1, IsHumanControllingUs: 0, StartBugReporterOnCrash: 0, Is64bit: 1, IsPro: 0

 COMMAND LINE ARGUMENTS:
C:\Program Files\Unity\Hub\Editor\2020.3.4f1\Editor\Unity.exe
-adb2
-batchMode
-noUpm
-name
AssetImportWorker0
-projectPath
D:/FILE RYU/Programming/PROJECT/Unity/Avoid The Asteroid
-logFile
Logs/AssetImportWorker0.log
-srvPort
54481
Successfully changed project path to: D:/FILE RYU/Programming/PROJECT/Unity/Avoid The Asteroid
D:/FILE RYU/Programming/PROJECT/Unity/Avoid The Asteroid
Using Asset Import Pipeline V2.
Refreshing native plugins compatible for Editor in 80.04 ms, found 1 plugins.
Preloading 0 native plugins for Editor in 0.00 ms.
Initialize engine version: 2020.3.4f1 (0abb6314276a)
[Subsystems] Discovering subsystems at path C:/Program Files/Unity/Hub/Editor/2020.3.4f1/Editor/Data/Resources/UnitySubsystems
[Subsystems] Discovering subsystems at path D:/FILE RYU/Programming/PROJECT/Unity/Avoid The Asteroid/Assets
GfxDevice: creating device client; threaded=0
Direct3D:
    Version:  Direct3D 11.0 [level 11.1]
    Renderer: AMD Radeon(TM) R5 M330 (ID=0x6660)
    Vendor:   
    VRAM:     2036 MB
    Driver:   15.201.1101.0
Initialize mono
Mono path[0] = 'C:/Program Files/Unity/Hub/Editor/2020.3.4f1/Editor/Data/Managed'
Mono path[1] = 'C:/Program Files/Unity/Hub/Editor/2020.3.4f1/Editor/Data/MonoBleedingEdge/lib/mono/unityjit'
Mono config path = 'C:/Program Files/Unity/Hub/Editor/2020.3.4f1/Editor/Data/MonoBleedingEdge/etc'
Using monoOptions --debugger-agent=transport=dt_socket,embedding=1,server=y,suspend=n,address=127.0.0.1:56720
Begin MonoManager ReloadAssembly
Registering precompiled unity dll's ...
Register platform support module: C:/Program Files/Unity/Hub/Editor/2020.3.4f1/Editor/Data/PlaybackEngines/WebGLSupport/UnityEditor.WebGL.Extensions.dll
Register platform support module: C:/Program Files/Unity/Hub/Editor/2020.3.4f1/Editor/Data/PlaybackEngines/WindowsStandaloneSupport/UnityEditor.WindowsStandalone.Extensions.dll
Registered in 0.004762 seconds.
Native extension for WindowsStandalone target not found
Native extension for WebGL target not found
Refreshing native plugins compatible for Editor in 68.15 ms, found 1 plugins.
Preloading 0 native plugins for Editor in 0.00 ms.
Mono: successfully reloaded assembly
- Completed reload, in  3.178 seconds
Platform modules already initialized, skipping
Registering precompiled user dll's ...
Registered in 0.001476 seconds.
Begin MonoManager ReloadAssembly
Native extension for WindowsStandalone target not found
Native extension for WebGL target not found
Refreshing native plugins compatible for Editor in 71.93 ms, found 1 plugins.
Preloading 0 native plugins for Editor in 0.00 ms.
Mono: successfully reloaded assembly
- Completed reload, in  1.846 seconds
Platform modules already initialized, skipping
========================================================================
Worker process is ready to serve import requests
Launched and connected shader compiler UnityShaderCompiler.exe after 0.08 seconds
Refreshing native plugins compatible for Editor in 0.57 ms, found 1 plugins.
Preloading 0 native plugins for Editor in 0.00 ms.
Unloading 1816 Unused Serialized files (Serialized files now loaded: 0)
System memory in use before: 85.2 MB.
System memory in use after: 85.1 MB.

Unloading 24 unused Assets to reduce memory usage. Loaded Objects now: 2259.
Total: 4.695300 ms (FindLiveObjects: 0.490800 ms CreateObjectMapping: 0.235200 ms MarkObjects: 3.761000 ms  DeleteObjects: 0.205200 ms)

========================================================================
Received Import Request.
  path: Assets/Script/Game/bulletScript.cs
  artifactKey: Guid(4ec328bd84756ee4aa9b3d315d079849) Importer(815301076,1909f56bfc062723c751e8b465ee728b)
Start importing Assets/Script/Game/bulletScript.cs using Guid(4ec328bd84756ee4aa9b3d315d079849) Importer(815301076,1909f56bfc062723c751e8b465ee728b)  -> (artifact id: '2e18a629bc4b1970056e91f989c24689') in 0.081716 seconds
  Import took 0.088098 seconds .

========================================================================
Received Import Request.
  Time since last request: 0.854877 seconds.
  path: Assets/Script/Game/bulletSpawnerScript.cs
  artifactKey: Guid(526c1144263642245bbf0f0704c432cf) Importer(815301076,1909f56bfc062723c751e8b465ee728b)
Start importing Assets/Script/Game/bulletSpawnerScript.cs using Guid(526c1144263642245bbf0f0704c432cf) Importer(815301076,1909f56bfc062723c751e8b465ee728b)  -> (artifact id: 'e572c059366c68ec94731a55dfc981e4') in 0.015545 seconds
  Import took 0.024338 seconds .

========================================================================
Received Import Request.
  Time since last request: 0.001957 seconds.
  path: Assets/Script/Game/bulletSpawnerScript.cs
  artifactKey: Guid(526c1144263642245bbf0f0704c432cf) Importer(815301076,1909f56bfc062723c751e8b465ee728b)
Start importing Assets/Script/Game/bulletSpawnerScript.cs using Guid(526c1144263642245bbf0f0704c432cf) Importer(815301076,1909f56bfc062723c751e8b465ee728b)  -> (artifact id: 'e572c059366c68ec94731a55dfc981e4') in 0.006200 seconds
  Import took 0.015914 seconds .

========================================================================
Received Import Request.
  Time since last request: 0.630952 seconds.
  path: Assets/Script/Game/meteorScript.cs
  artifactKey: Guid(cce4ae5dd556a6b4c9cc02f302465795) Importer(815301076,1909f56bfc062723c751e8b465ee728b)
Start importing Assets/Script/Game/meteorScript.cs using Guid(cce4ae5dd556a6b4c9cc02f302465795) Importer(815301076,1909f56bfc062723c751e8b465ee728b)  -> (artifact id: '228ffcfe015e34aa13f0d9387a17a994') in 0.016804 seconds
  Import took 0.048438 seconds .

========================================================================
Received Prepare
Registering precompiled user dll's ...
Registered in 0.001977 seconds.
Begin MonoManager ReloadAssembly
Native extension for WindowsStandalone target not found
Native extension for WebGL target not found
Refreshing native plugins compatible for Editor in 0.54 ms, found 1 plugins.
Preloading 0 native plugins for Editor in 0.00 ms.
Mono: successfully reloaded assembly
- Completed reload, in  1.807 seconds
Platform modules already initialized, skipping
Refreshing native plugins compatible for Editor in 0.97 ms, found 1 plugins.
Preloading 0 native plugins for Editor in 0.00 ms.
Unloading 1811 Unused Serialized files (Serialized files now loaded: 0)
System memory in use before: 85.1 MB.
System memory in use after: 85.1 MB.

Unloading 12 unused Assets to reduce memory usage. Loaded Objects now: 2263.
Total: 8.143200 ms (FindLiveObjects: 0.406900 ms CreateObjectMapping: 0.206300 ms MarkObjects: 7.306800 ms  DeleteObjects: 0.220600 ms)

========================================================================
Received Import Request.
  Time since last request: 16.676153 seconds.
  path: Assets/Script/Menu/MainMenu.cs
  artifactKey: Guid(783edf34e75a526489d08b71a988cb3f) Importer(815301076,1909f56bfc062723c751e8b465ee728b)
Start importing Assets/Script/Menu/MainMenu.cs using Guid(783edf34e75a526489d08b71a988cb3f) Importer(815301076,1909f56bfc062723c751e8b465ee728b)  -> (artifact id: '435f76cd2b47faf13a661ae61d7e99e4') in 0.042159 seconds
  Import took 0.048307 seconds .

========================================================================
Received Import Request.
  Time since last request: 0.227785 seconds.
  path: Assets/Script/Menu/Menu.cs
  artifactKey: Guid(9d2d4046d34c5c144867c52b0297bf76) Importer(815301076,1909f56bfc062723c751e8b465ee728b)
Start importing Assets/Script/Menu/Menu.cs using Guid(9d2d4046d34c5c144867c52b0297bf76) Importer(815301076,1909f56bfc062723c751e8b465ee728b)  -> (artifact id: 'b7d06a5a2b23ca93f5cbf756da8a404d') in 0.023936 seconds
  Import took 0.031043 seconds .

========================================================================
Received Prepare
Registering precompiled user dll's ...
Registered in 0.003168 seconds.
Begin MonoManager ReloadAssembly
Native extension for WindowsStandalone target not found
Native extension for WebGL target not found
Refreshing native plugins compatible for Editor in 0.49 ms, found 1 plugins.
Preloading 0 native plugins for Editor in 0.00 ms.
Mono: successfully reloaded assembly
- Completed reload, in  1.799 seconds
Platform modules already initialized, skipping
Refreshing native plugins compatible for Editor in 0.53 ms, found 1 plugins.
Preloading 0 native plugins for Editor in 0.00 ms.
Unloading 1811 Unused Serialized files (Serialized files now loaded: 0)
System memory in use before: 85.2 MB.
System memory in use after: 85.1 MB.

Unloading 12 unused Assets to reduce memory usage. Loaded Objects now: 2267.
Total: 3.666900 ms (FindLiveObjects: 0.319200 ms CreateObjectMapping: 0.196600 ms MarkObjects: 2.984000 ms  DeleteObjects: 0.164300 ms)

========================================================================
Received Prepare
Registering precompiled user dll's ...
Registered in 0.001305 seconds.
Begin MonoManager ReloadAssembly
Native extension for WindowsStandalone target not found
Native extension for WebGL target not found
Refreshing native plugins compatible for Editor in 0.52 ms, found 1 plugins.
Preloading 0 native plugins for Editor in 0.00 ms.
Mono: successfully reloaded assembly
- Completed reload, in  1.802 seconds
Platform modules already initialized, skipping
Refreshing native plugins compatible for Editor in 0.48 ms, found 1 plugins.
Preloading 0 native plugins for Editor in 0.00 ms.
Unloading 1811 Unused Serialized files (Serialized files now loaded: 0)
System memory in use before: 85.2 MB.
System memory in use after: 85.2 MB.

Unloading 12 unused Assets to reduce memory usage. Loaded Objects now: 2271.
Total: 3.681400 ms (FindLiveObjects: 0.481100 ms CreateObjectMapping: 0.226700 ms MarkObjects: 2.722900 ms  DeleteObjects: 0.246400 ms)

========================================================================
Received Import Request.
  Time since last request: 366.751099 seconds.
  path: Assets/Scenes/Result.unity
  artifactKey: Guid(dd2fdf84d3de8f34780318542f7bebf4) Importer(815301076,1909f56bfc062723c751e8b465ee728b)
Start importing Assets/Scenes/Result.unity using Guid(dd2fdf84d3de8f34780318542f7bebf4) Importer(815301076,1909f56bfc062723c751e8b465ee728b)  -> (artifact id: 'da0adbf7255f8b7cbdc61d6e109ef31d') in 0.033505 seconds
  Import took 0.040178 seconds .

========================================================================
Received Import Request.
  Time since last request: 440.755197 seconds.
  path: Assets/Scenes/Result.unity
  artifactKey: Guid(dd2fdf84d3de8f34780318542f7bebf4) Importer(815301076,1909f56bfc062723c751e8b465ee728b)
Start importing Assets/Scenes/Result.unity using Guid(dd2fdf84d3de8f34780318542f7bebf4) Importer(815301076,1909f56bfc062723c751e8b465ee728b)  -> (artifact id: 'b9082e772bebf309d154ab020c82f0d0') in 0.023366 seconds
  Import took 0.034372 seconds .

========================================================================
Received Prepare
Registering precompiled user dll's ...
Registered in 0.002086 seconds.
Begin MonoManager ReloadAssembly
Native extension for WindowsStandalone target not found
Native extension for WebGL target not found
Refreshing native plugins compatible for Editor in 0.51 ms, found 1 plugins.
Preloading 0 native plugins for Editor in 0.00 ms.
Mono: successfully reloaded assembly
- Completed reload, in  1.956 seconds
Platform modules already initialized, skipping
Refreshing native plugins compatible for Editor in 0.84 ms, found 1 plugins.
Preloading 0 native plugins for Editor in 0.00 ms.
Unloading 1811 Unused Serialized files (Serialized files now loaded: 0)
System memory in use before: 85.2 MB.
System memory in use after: 85.2 MB.

Unloading 12 unused Assets to reduce memory usage. Loaded Objects now: 2275.
Total: 5.025100 ms (FindLiveObjects: 0.323000 ms CreateObjectMapping: 0.155600 ms MarkObjects: 4.189000 ms  DeleteObjects: 0.354300 ms)

========================================================================
Received Prepare
Registering precompiled user dll's ...
Registered in 0.001413 seconds.
Begin MonoManager ReloadAssembly
Native extension for WindowsStandalone target not found
Native extension for WebGL target not found
Refreshing native plugins compatible for Editor in 0.49 ms, found 1 plugins.
Preloading 0 native plugins for Editor in 0.00 ms.
Mono: successfully reloaded assembly
- Completed reload, in  1.657 seconds
Platform modules already initialized, skipping
Refreshing native plugins compatible for Editor in 0.63 ms, found 1 plugins.
Preloading 0 native plugins for Editor in 0.00 ms.
Unloading 1811 Unused Serialized files (Serialized files now loaded: 0)
System memory in use before: 85.2 MB.
System memory in use after: 85.2 MB.

Unloading 12 unused Assets to reduce memory usage. Loaded Objects now: 2279.
Total: 3.536400 ms (FindLiveObjects: 0.406900 ms CreateObjectMapping: 0.204100 ms MarkObjects: 2.620200 ms  DeleteObjects: 0.303000 ms)

========================================================================
Received Import Request.
  Time since last request: 123.047252 seconds.
  path: Assets/Scenes/Result.unity
  artifactKey: Guid(dd2fdf84d3de8f34780318542f7bebf4) Importer(815301076,1909f56bfc062723c751e8b465ee728b)
Start importing Assets/Scenes/Result.unity using Guid(dd2fdf84d3de8f34780318542f7bebf4) Importer(815301076,1909f56bfc062723c751e8b465ee728b)  -> (artifact id: 'f64fcca57871380c26d3a3ee5343821f') in 0.030172 seconds
  Import took 0.036833 seconds .

========================================================================
Received Import Request.
  Time since last request: 73.320840 seconds.
  path: Assets/Scenes/Game.unity
  artifactKey: Guid(2cda990e2423bbf4892e6590ba056729) Importer(815301076,1909f56bfc062723c751e8b465ee728b)
Start importing Assets/Scenes/Game.unity using Guid(2cda990e2423bbf4892e6590ba056729) Importer(815301076,1909f56bfc062723c751e8b465ee728b)  -> (artifact id: '53e036059cd59e9968121b135bfb0d38') in 0.021199 seconds
  Import took 0.028758 seconds .

========================================================================
Received Prepare
Registering precompiled user dll's ...
Registered in 0.001904 seconds.
Begin MonoManager ReloadAssembly
Native extension for WindowsStandalone target not found
Native extension for WebGL target not found
Refreshing native plugins compatible for Editor in 0.50 ms, found 1 plugins.
Preloading 0 native plugins for Editor in 0.00 ms.
Mono: successfully reloaded assembly
- Completed reload, in  1.741 seconds
Platform modules already initialized, skipping
Refreshing native plugins compatible for Editor in 0.53 ms, found 1 plugins.
Preloading 0 native plugins for Editor in 0.00 ms.
Unloading 1811 Unused Serialized files (Serialized files now loaded: 0)
System memory in use before: 85.2 MB.
System memory in use after: 85.2 MB.

Unloading 12 unused Assets to reduce memory usage. Loaded Objects now: 2283.
Total: 4.186900 ms (FindLiveObjects: 0.369700 ms CreateObjectMapping: 0.164700 ms MarkObjects: 3.408200 ms  DeleteObjects: 0.241000 ms)

========================================================================
Received Prepare
Registering precompiled user dll's ...
Registered in 0.006573 seconds.
Begin MonoManager ReloadAssembly
Native extension for WindowsStandalone target not found
Native extension for WebGL target not found
Refreshing native plugins compatible for Editor in 0.83 ms, found 1 plugins.
Preloading 0 native plugins for Editor in 0.00 ms.
Mono: successfully reloaded assembly
- Completed reload, in  1.930 seconds
Platform modules already initialized, skipping
Refreshing native plugins compatible for Editor in 0.68 ms, found 1 plugins.
Preloading 0 native plugins for Editor in 0.00 ms.
Unloading 1811 Unused Serialized files (Serialized files now loaded: 0)
System memory in use before: 85.3 MB.
System memory in use after: 85.2 MB.

Unloading 12 unused Assets to reduce memory usage. Loaded Objects now: 2287.
Total: 3.313000 ms (FindLiveObjects: 0.343100 ms CreateObjectMapping: 0.128900 ms MarkObjects: 2.609100 ms  DeleteObjects: 0.229100 ms)

========================================================================
Received Prepare
Registering precompiled user dll's ...
Registered in 0.001299 seconds.
Begin MonoManager ReloadAssembly
Native extension for WindowsStandalone target not found
Native extension for WebGL target not found
Refreshing native plugins compatible for Editor in 0.53 ms, found 1 plugins.
Preloading 0 native plugins for Editor in 0.00 ms.
Mono: successfully reloaded assembly
- Completed reload, in  2.255 seconds
Platform modules already initialized, skipping
Refreshing native plugins compatible for Editor in 0.51 ms, found 1 plugins.
Preloading 0 native plugins for Editor in 0.00 ms.
Unloading 1811 Unused Serialized files (Serialized files now loaded: 0)
System memory in use before: 85.3 MB.
System memory in use after: 85.2 MB.

Unloading 12 unused Assets to reduce memory usage. Loaded Objects now: 2291.
Total: 4.622500 ms (FindLiveObjects: 0.431900 ms CreateObjectMapping: 0.160900 ms MarkObjects: 3.782100 ms  DeleteObjects: 0.244500 ms)

========================================================================
Received Prepare
Registering precompiled user dll's ...
Registered in 0.001223 seconds.
Begin MonoManager ReloadAssembly
Native extension for WindowsStandalone target not found
Native extension for WebGL target not found
Refreshing native plugins compatible for Editor in 0.48 ms, found 1 plugins.
Preloading 0 native plugins for Editor in 0.00 ms.
Mono: successfully reloaded assembly
- Completed reload, in  1.879 seconds
Platform modules already initialized, skipping
Refreshing native plugins compatible for Editor in 0.91 ms, found 1 plugins.
Preloading 0 native plugins for Editor in 0.00 ms.
Unloading 1811 Unused Serialized files (Serialized files now loaded: 0)
System memory in use before: 85.3 MB.
System memory in use after: 85.2 MB.

Unloading 12 unused Assets to reduce memory usage. Loaded Objects now: 2295.
Total: 6.356500 ms (FindLiveObjects: 0.489900 ms CreateObjectMapping: 0.242900 ms MarkObjects: 5.356700 ms  DeleteObjects: 0.263300 ms)

========================================================================
Received Prepare
Registering precompiled user dll's ...
Registered in 0.001879 seconds.
Begin MonoManager ReloadAssembly
Native extension for WindowsStandalone target not found
Native extension for WebGL target not found
Refreshing native plugins compatible for Editor in 0.49 ms, found 1 plugins.
Preloading 0 native plugins for Editor in 0.00 ms.
Mono: successfully reloaded assembly
- Completed reload, in  1.677 seconds
Platform modules already initialized, skipping
Refreshing native plugins compatible for Editor in 0.92 ms, found 1 plugins.
Preloading 0 native plugins for Editor in 0.00 ms.
Unloading 1811 Unused Serialized files (Serialized files now loaded: 0)
System memory in use before: 85.3 MB.
System memory in use after: 85.3 MB.

Unloading 12 unused Assets to reduce memory usage. Loaded Objects now: 2299.
Total: 3.592300 ms (FindLiveObjects: 0.296300 ms CreateObjectMapping: 0.164000 ms MarkObjects: 2.937700 ms  DeleteObjects: 0.192200 ms)

========================================================================
Received Prepare
Refreshing native plugins compatible for Editor in 3.22 ms, found 1 plugins.
Preloading 0 native plugins for Editor in 0.00 ms.
Unloading 10 Unused Serialized files (Serialized files now loaded: 0)
System memory in use before: 49.7 MB.
System memory in use after: 49.6 MB.

Unloading 10 unused Assets to reduce memory usage. Loaded Objects now: 2299.
Total: 6.335000 ms (FindLiveObjects: 0.533100 ms CreateObjectMapping: 0.250300 ms MarkObjects: 5.357600 ms  DeleteObjects: 0.190500 ms)

AssetImportWorkerClient::OnTransportError - code=2 error=End of file
